
> saas-boilerplate@1.7.7 check-types
> tsc --noEmit

src/libs/EnhancedPluginLoader.ts(65,65): error TS1005: ',' expected.
src/libs/EnhancedPluginLoader.ts(65,82): error TS1005: ',' expected.
src/libs/EnhancedPluginLoader.ts(65,85): error TS1136: Property assignment expected.
src/libs/EnhancedPluginLoader.ts(67,12): error TS1128: Declaration or statement expected.
src/libs/EnhancedPluginLoader.ts(68,54): error TS1005: ';' expected.
src/libs/EnhancedPluginLoader.ts(70,12): error TS1128: Declaration or statement expected.
src/libs/EnhancedPluginLoader.ts(72,21): error TS1005: ';' expected.
src/libs/EnhancedPluginLoader.ts(73,18): error TS1005: ';' expected.
src/libs/EnhancedPluginLoader.ts(74,17): error TS1005: ';' expected.
src/libs/EnhancedPluginLoader.ts(75,16): error TS1005: ';' expected.
src/libs/EnhancedPluginLoader.ts(77,18): error TS1005: ';' expected.
src/libs/EnhancedPluginLoader.ts(78,17): error TS1005: ';' expected.
src/libs/EnhancedPluginLoader.ts(79,9): error TS1109: Expression expected.
src/libs/EnhancedPluginLoader.ts(80,9): error TS1472: 'catch' or 'finally' expected.
src/libs/EnhancedPluginLoader.ts(110,3): error TS1434: Unexpected keyword or identifier.
src/libs/EnhancedPluginLoader.ts(110,28): error TS1005: ',' expected.
src/libs/EnhancedPluginLoader.ts(110,45): error TS1005: ';' expected.
src/libs/EnhancedPluginLoader.ts(111,9): error TS1005: ':' expected.
src/libs/EnhancedPluginLoader.ts(113,13): error TS1005: ':' expected.
src/libs/EnhancedPluginLoader.ts(114,7): error TS1005: ',' expected.
src/libs/EnhancedPluginLoader.ts(114,11): error TS1005: ':' expected.
src/libs/EnhancedPluginLoader.ts(117,7): error TS1005: ',' expected.
src/libs/EnhancedPluginLoader.ts(117,11): error TS1359: Identifier expected. 'typeof' is a reserved word that cannot be used here.
src/libs/EnhancedPluginLoader.ts(117,26): error TS1005: ',' expected.
src/libs/EnhancedPluginLoader.ts(117,58): error TS1005: ',' expected.
src/libs/EnhancedPluginLoader.ts(117,60): error TS1136: Property assignment expected.
src/libs/EnhancedPluginLoader.ts(125,5): error TS1128: Declaration or statement expected.
src/libs/EnhancedPluginLoader.ts(125,7): error TS1005: 'try' expected.
src/libs/EnhancedPluginLoader.ts(134,3): error TS1128: Declaration or statement expected.
src/libs/EnhancedPluginLoader.ts(139,3): error TS1434: Unexpected keyword or identifier.
src/libs/EnhancedPluginLoader.ts(139,36): error TS1005: ',' expected.
src/libs/EnhancedPluginLoader.ts(139,53): error TS1005: ';' expected.
src/libs/EnhancedPluginLoader.ts(140,9): error TS1005: ':' expected.
src/libs/EnhancedPluginLoader.ts(141,13): error TS1005: ':' expected.
src/libs/EnhancedPluginLoader.ts(142,7): error TS1005: ',' expected.
src/libs/EnhancedPluginLoader.ts(142,13): error TS1005: ':' expected.
src/libs/EnhancedPluginLoader.ts(145,7): error TS1005: ',' expected.
src/libs/EnhancedPluginLoader.ts(145,11): error TS1003: Identifier expected.
src/libs/EnhancedPluginLoader.ts(145,12): error TS1138: Parameter declaration expected.
src/libs/EnhancedPluginLoader.ts(145,49): error TS1005: ',' expected.
src/libs/EnhancedPluginLoader.ts(145,51): error TS1136: Property assignment expected.
src/libs/EnhancedPluginLoader.ts(159,5): error TS1128: Declaration or statement expected.
src/libs/EnhancedPluginLoader.ts(159,7): error TS1005: 'try' expected.
src/libs/EnhancedPluginLoader.ts(164,3): error TS1128: Declaration or statement expected.
src/libs/EnhancedPluginLoader.ts(169,25): error TS1005: ',' expected.
src/libs/EnhancedPluginLoader.ts(169,42): error TS1005: ';' expected.
src/libs/EnhancedPluginLoader.ts(169,55): error TS1005: ';' expected.
src/libs/EnhancedPluginLoader.ts(177,23): error TS1109: Expression expected.
src/libs/EnhancedPluginLoader.ts(177,32): error TS1005: ';' expected.
src/libs/EnhancedPluginLoader.ts(185,7): error TS1005: ',' expected.
src/libs/EnhancedPluginLoader.ts(185,12): error TS1005: ':' expected.
src/libs/EnhancedPluginLoader.ts(187,11): error TS1005: ':' expected.
src/libs/EnhancedPluginLoader.ts(194,18): error TS1005: ';' expected.
src/libs/EnhancedPluginLoader.ts(194,49): error TS1011: An element access expression should take an argument.
src/libs/EnhancedPluginLoader.ts(204,3): error TS1434: Unexpected keyword or identifier.
src/libs/EnhancedPluginLoader.ts(204,31): error TS1005: ';' expected.
src/libs/EnhancedPluginLoader.ts(204,48): error TS1011: An element access expression should take an argument.
src/libs/EnhancedPluginLoader.ts(205,9): error TS1005: ':' expected.
src/libs/EnhancedPluginLoader.ts(206,13): error TS1005: ':' expected.
src/libs/EnhancedPluginLoader.ts(207,7): error TS1005: ',' expected.
src/libs/EnhancedPluginLoader.ts(207,11): error TS1003: Identifier expected.
src/libs/EnhancedPluginLoader.ts(211,7): error TS1005: ',' expected.
src/libs/EnhancedPluginLoader.ts(211,13): error TS1005: ':' expected.
src/libs/EnhancedPluginLoader.ts(212,7): error TS1005: ',' expected.
src/libs/EnhancedPluginLoader.ts(212,13): error TS1005: ':' expected.
src/libs/EnhancedPluginLoader.ts(212,20): error TS1005: ',' expected.
src/libs/EnhancedPluginLoader.ts(212,28): error TS1005: ',' expected.
src/libs/EnhancedPluginLoader.ts(212,29): error TS1109: Expression expected.
src/libs/EnhancedPluginLoader.ts(212,31): error TS1005: ':' expected.
src/libs/EnhancedPluginLoader.ts(214,7): error TS1005: ',' expected.
src/libs/EnhancedPluginLoader.ts(214,12): error TS1359: Identifier expected. 'const' is a reserved word that cannot be used here.
src/libs/EnhancedPluginLoader.ts(214,18): error TS1005: ',' expected.
src/libs/EnhancedPluginLoader.ts(214,24): error TS1005: ',' expected.
src/libs/EnhancedPluginLoader.ts(214,27): error TS1005: ',' expected.
src/libs/EnhancedPluginLoader.ts(223,7): error TS1005: ',' expected.
src/libs/EnhancedPluginLoader.ts(223,14): error TS1005: ':' expected.
src/libs/EnhancedPluginLoader.ts(224,7): error TS1005: ',' expected.
src/libs/EnhancedPluginLoader.ts(233,3): error TS1128: Declaration or statement expected.
src/libs/EnhancedPluginLoader.ts(233,11): error TS1434: Unexpected keyword or identifier.
src/libs/EnhancedPluginLoader.ts(233,36): error TS1005: ',' expected.
src/libs/EnhancedPluginLoader.ts(233,45): error TS1005: ';' expected.
src/libs/EnhancedPluginLoader.ts(234,9): error TS1005: ':' expected.
src/libs/EnhancedPluginLoader.ts(235,13): error TS1005: ',' expected.
src/libs/EnhancedPluginLoader.ts(235,15): error TS1005: ',' expected.
src/libs/EnhancedPluginLoader.ts(236,7): error TS1005: ',' expected.
src/libs/EnhancedPluginLoader.ts(236,14): error TS1005: ':' expected.
src/libs/EnhancedPluginLoader.ts(237,7): error TS1005: ',' expected.
src/libs/EnhancedPluginLoader.ts(237,13): error TS1005: ':' expected.
src/libs/EnhancedPluginLoader.ts(238,14): error TS1005: ':' expected.
src/libs/EnhancedPluginLoader.ts(245,3): error TS1434: Unexpected keyword or identifier.
src/libs/EnhancedPluginLoader.ts(245,33): error TS1005: ',' expected.
src/libs/EnhancedPluginLoader.ts(245,50): error TS1005: ';' expected.
src/libs/EnhancedPluginLoader.ts(247,5): error TS1005: ',' expected.
src/libs/EnhancedPluginLoader.ts(248,5): error TS1005: ',' expected.
src/libs/EnhancedPluginLoader.ts(249,5): error TS1005: ',' expected.
src/libs/EnhancedPluginLoader.ts(251,11): error TS1005: ':' expected.
src/libs/EnhancedPluginLoader.ts(252,5): error TS1005: ',' expected.
src/libs/EnhancedPluginLoader.ts(252,11): error TS1005: ':' expected.
src/libs/EnhancedPluginLoader.ts(254,5): error TS1005: ',' expected.
src/libs/EnhancedPluginLoader.ts(254,9): error TS1005: ':' expected.
src/libs/EnhancedPluginLoader.ts(255,13): error TS1005: ':' expected.
src/libs/EnhancedPluginLoader.ts(256,7): error TS1005: ',' expected.
src/libs/EnhancedPluginLoader.ts(256,14): error TS1005: ':' expected.
src/libs/EnhancedPluginLoader.ts(262,7): error TS1005: ',' expected.
src/libs/EnhancedPluginLoader.ts(262,13): error TS1005: ':' expected.
src/libs/EnhancedPluginLoader.ts(263,14): error TS1005: ':' expected.
src/libs/EnhancedPluginLoader.ts(273,3): error TS1434: Unexpected keyword or identifier.
src/libs/EnhancedPluginLoader.ts(273,38): error TS1005: ',' expected.
src/libs/EnhancedPluginLoader.ts(273,47): error TS1005: ';' expected.
src/libs/EnhancedPluginLoader.ts(273,61): error TS1109: Expression expected.
src/libs/EnhancedPluginLoader.ts(274,9): error TS1005: ':' expected.
src/libs/EnhancedPluginLoader.ts(275,13): error TS1005: ':' expected.
src/libs/EnhancedPluginLoader.ts(276,7): error TS1005: ',' expected.
src/libs/EnhancedPluginLoader.ts(276,13): error TS1005: ',' expected.
src/libs/EnhancedPluginLoader.ts(276,15): error TS1005: ',' expected.
src/libs/EnhancedPluginLoader.ts(279,7): error TS1005: ',' expected.
src/libs/EnhancedPluginLoader.ts(279,13): error TS1005: ':' expected.
src/libs/EnhancedPluginLoader.ts(291,7): error TS1005: ',' expected.
src/libs/EnhancedPluginLoader.ts(291,13): error TS1005: ':' expected.
src/libs/EnhancedPluginLoader.ts(292,7): error TS1005: ',' expected.
src/libs/EnhancedPluginLoader.ts(292,13): error TS1005: ',' expected.
src/libs/EnhancedPluginLoader.ts(292,15): error TS1005: ',' expected.
src/libs/EnhancedPluginLoader.ts(295,7): error TS1005: ',' expected.
src/libs/EnhancedPluginLoader.ts(295,13): error TS1005: ':' expected.
src/libs/EnhancedPluginLoader.ts(316,7): error TS1005: ',' expected.
src/libs/EnhancedPluginLoader.ts(316,13): error TS1005: ':' expected.
src/libs/EnhancedPluginLoader.ts(317,7): error TS1005: ',' expected.
src/libs/EnhancedPluginLoader.ts(317,13): error TS1005: ',' expected.
src/libs/EnhancedPluginLoader.ts(317,15): error TS1005: ',' expected.
src/libs/EnhancedPluginLoader.ts(319,7): error TS1005: ',' expected.
src/libs/EnhancedPluginLoader.ts(319,14): error TS1005: ',' expected.
src/libs/EnhancedPluginLoader.ts(320,7): error TS1005: ',' expected.
src/libs/EnhancedPluginLoader.ts(325,1): error TS1128: Declaration or statement expected.
src/libs/EnhancedPluginSandbox.ts(490,37): error TS1127: Invalid character.
src/libs/EnhancedPluginSandbox.ts(490,38): error TS1127: Invalid character.
src/libs/EnhancedPluginSandbox.ts(490,83): error TS1002: Unterminated string literal.
src/services/ServiceRegistry.ts(64,1): error TS1128: Declaration or statement expected.
src/services/ServiceRegistry.ts(103,1): error TS1128: Declaration or statement expected.
src/services/ServiceRegistry.ts(145,1): error TS1128: Declaration or statement expected.
src/services/ServiceRegistry.ts(178,1): error TS1128: Declaration or statement expected.
src/services/ServiceRegistry.ts(215,1): error TS1128: Declaration or statement expected.
src/services/ServiceRegistry.ts(317,1): error TS1128: Declaration or statement expected.
src/services/ServiceRegistry.ts(317,37): error TS1005: ',' expected.
src/services/ServiceRegistry.ts(317,43): error TS1005: ';' expected.
src/services/ServiceRegistry.ts(319,7): error TS1003: Identifier expected.
src/services/ServiceRegistry.ts(319,15): error TS1005: ',' expected.
src/services/ServiceRegistry.ts(319,44): error TS1005: ';' expected.
src/services/ServiceRegistry.ts(340,38): error TS1005: ')' expected.
src/services/ServiceRegistry.ts(345,6): error TS1128: Declaration or statement expected.
src/services/ServiceRegistry.ts(346,3): error TS1128: Declaration or statement expected.
src/services/ServiceRegistry.ts(347,1): error TS1128: Declaration or statement expected.
